Vivado Simulator 2018.3
Copyright 1986-1999, 2001-2018 Xilinx, Inc. All Rights Reserved.
Running: F:/viv/Vivado/2018.3/bin/unwrapped/win64.o/xelab.exe -wto 3c6d0297e70d49d7a32a8ddf702414e6 --incr --debug typical --relax --mt 2 -L xil_defaultlib -L unisims_ver -L secureip --snapshot iF_ARM_wrapper_func_synth xil_defaultlib.iF_ARM_wrapper xil_defaultlib.glbl -log elaborate.log 
Using 2 slave threads.
Starting static elaboration
Completed static elaboration
Starting simulation data flow analysis
Completed simulation data flow analysis
Time Resolution for simulation is 1ps
Compiling module unisims_ver.IBUF
Compiling module unisims_ver.CARRY4
Compiling module unisims_ver.x_lut2_mux4
Compiling module unisims_ver.LUT2
Compiling module xil_defaultlib.iF_ARM_Adder
Compiling module xil_defaultlib.iF_ARM_iF_ARM_Adder_0_0
Compiling module unisims_ver.x_lut3_mux8
Compiling module unisims_ver.LUT3
Compiling module xil_defaultlib.iF_ARM_MUX2to1
Compiling module xil_defaultlib.iF_ARM_iF_ARM_MUX2to1_0_0
Compiling module unisims_ver.FDCE_default
Compiling module xil_defaultlib.iF_ARM_REG
Compiling module xil_defaultlib.iF_ARM_iF_ARM_REG_0_0
Compiling module unisims_ver.GND
Compiling module unisims_ver.FDRE_default
Compiling module xil_defaultlib.iF_ARM_blk_mem_gen_mux
Compiling module unisims_ver.RB18_INTERNAL_VLOG(DOA_REG=1,RDA...
Compiling module unisims_ver.RAMB18E1(DOA_REG=1,INIT_00=256'b...
Compiling module xil_defaultlib.iF_ARM_blk_mem_gen_prim_wrapper_...
Compiling module xil_defaultlib.iF_ARM_blk_mem_gen_prim_width
Compiling module unisims_ver.RB36_INTERNAL_VLOG(DOA_REG=1,RDA...
Compiling module unisims_ver.RAMB36E1(DOA_REG=1,INIT_00=256'b...
Compiling module xil_defaultlib.iF_ARM_blk_mem_gen_prim_wrapper_...
Compiling module xil_defaultlib.iF_ARM_blk_mem_gen_prim_width__p...
Compiling module unisims_ver.RB36_INTERNAL_VLOG(DOA_REG=1,RDA...
Compiling module unisims_ver.RAMB36E1(DOA_REG=1,INITP_00=256'...
Compiling module xil_defaultlib.iF_ARM_blk_mem_gen_prim_wrapper_...
Compiling module xil_defaultlib.iF_ARM_blk_mem_gen_prim_width__p...
Compiling module unisims_ver.RB36_INTERNAL_VLOG(DOA_REG=1,RDA...
Compiling module unisims_ver.RAMB36E1(DOA_REG=1,RDADDR_COLLIS...
Compiling module xil_defaultlib.iF_ARM_blk_mem_gen_prim_wrapper_...
Compiling module xil_defaultlib.iF_ARM_blk_mem_gen_prim_width__p...
Compiling module unisims_ver.RB36_INTERNAL_VLOG(DOA_REG=1,RDA...
Compiling module unisims_ver.RAMB36E1(DOA_REG=1,INITP_00=256'...
Compiling module xil_defaultlib.iF_ARM_blk_mem_gen_prim_wrapper_...
Compiling module xil_defaultlib.iF_ARM_blk_mem_gen_prim_width__p...
Compiling module xil_defaultlib.iF_ARM_blk_mem_gen_prim_wrapper_...
Compiling module xil_defaultlib.iF_ARM_blk_mem_gen_prim_width__p...
Compiling module unisims_ver.RB36_INTERNAL_VLOG(DOA_REG=1,RDA...
Compiling module unisims_ver.RAMB36E1(DOA_REG=1,INIT_00=256'b...
Compiling module unisims_ver.x_lut1_mux2
Compiling module unisims_ver.LUT1
Compiling module xil_defaultlib.iF_ARM_blk_mem_gen_prim_wrapper_...
Compiling module xil_defaultlib.iF_ARM_blk_mem_gen_prim_width__p...
Compiling module xil_defaultlib.iF_ARM_blk_mem_gen_prim_wrapper_...
Compiling module xil_defaultlib.iF_ARM_blk_mem_gen_prim_width__p...
Compiling module xil_defaultlib.iF_ARM_blk_mem_gen_generic_cstr
Compiling module xil_defaultlib.iF_ARM_blk_mem_gen_top
Compiling module xil_defaultlib.iF_ARM_blk_mem_gen_v8_4_2_synth
Compiling module xil_defaultlib.iF_ARM_blk_mem_gen_v8_4_2
Compiling module xil_defaultlib.iF_ARM_iF_ARM_blk_mem_gen_2_1
Compiling module unisims_ver.VCC
Compiling module xil_defaultlib.iF_ARM_iF_ARM_xlconstant_0_0
Compiling module xil_defaultlib.iF_ARM
Compiling module unisims_ver.OBUF
Compiling module xil_defaultlib.iF_ARM_wrapper
Compiling module xil_defaultlib.glbl
Built simulation snapshot iF_ARM_wrapper_func_synth
