INFO: [VRFC 10-2263] Analyzing Verilog file "E:/ARM/ARM/ARM.sim/sim_1/synth/func/xsim/iF_ARM_wrapper_func_synth.v" into library xil_defaultlib
INFO: [VRFC 10-311] analyzing module iF_ARM
INFO: [VRFC 10-311] analyzing module iF_ARM_Adder
INFO: [VRFC 10-311] analyzing module iF_ARM_MUX2to1
INFO: [VRFC 10-311] analyzing module iF_ARM_REG
INFO: [VRFC 10-311] analyzing module iF_ARM_iF_ARM_Adder_0_0
INFO: [VRFC 10-311] analyzing module iF_ARM_iF_ARM_MUX2to1_0_0
INFO: [VRFC 10-311] analyzing module iF_ARM_iF_ARM_REG_0_0
INFO: [VRFC 10-311] analyzing module iF_ARM_iF_ARM_blk_mem_gen_2_1
INFO: [VRFC 10-311] analyzing module iF_ARM_iF_ARM_xlconstant_0_0
INFO: [VRFC 10-311] analyzing module iF_ARM_wrapper
INFO: [VRFC 10-311] analyzing module iF_ARM_blk_mem_gen_generic_cstr
INFO: [VRFC 10-311] analyzing module iF_ARM_blk_mem_gen_mux
INFO: [VRFC 10-311] analyzing module iF_ARM_blk_mem_gen_prim_width
INFO: [VRFC 10-311] analyzing module iF_ARM_blk_mem_gen_prim_width__parameterized0
INFO: [VRFC 10-311] analyzing module iF_ARM_blk_mem_gen_prim_width__parameterized1
INFO: [VRFC 10-311] analyzing module iF_ARM_blk_mem_gen_prim_width__parameterized2
INFO: [VRFC 10-311] analyzing module iF_ARM_blk_mem_gen_prim_width__parameterized3
INFO: [VRFC 10-311] analyzing module iF_ARM_blk_mem_gen_prim_width__parameterized4
INFO: [VRFC 10-311] analyzing module iF_ARM_blk_mem_gen_prim_width__parameterized5
INFO: [VRFC 10-311] analyzing module iF_ARM_blk_mem_gen_prim_width__parameterized6
INFO: [VRFC 10-311] analyzing module iF_ARM_blk_mem_gen_prim_wrapper_init
INFO: [VRFC 10-311] analyzing module iF_ARM_blk_mem_gen_prim_wrapper_init__parameterized0
INFO: [VRFC 10-311] analyzing module iF_ARM_blk_mem_gen_prim_wrapper_init__parameterized1
INFO: [VRFC 10-311] analyzing module iF_ARM_blk_mem_gen_prim_wrapper_init__parameterized2
INFO: [VRFC 10-311] analyzing module iF_ARM_blk_mem_gen_prim_wrapper_init__parameterized3
INFO: [VRFC 10-311] analyzing module iF_ARM_blk_mem_gen_prim_wrapper_init__parameterized4
INFO: [VRFC 10-311] analyzing module iF_ARM_blk_mem_gen_prim_wrapper_init__parameterized5
INFO: [VRFC 10-311] analyzing module iF_ARM_blk_mem_gen_prim_wrapper_init__parameterized6
INFO: [VRFC 10-311] analyzing module iF_ARM_blk_mem_gen_top
INFO: [VRFC 10-311] analyzing module iF_ARM_blk_mem_gen_v8_4_2
INFO: [VRFC 10-311] analyzing module iF_ARM_blk_mem_gen_v8_4_2_synth
INFO: [VRFC 10-311] analyzing module glbl
